0 info it worked if it ends with ok
1 verbose cli [ '/usr/local/bin/node', '/usr/local/bin/npm', 'start' ]
2 info using npm@4.1.2
3 info using node@v8.1.0
4 verbose run-script [ 'prestart', 'start', 'poststart' ]
5 info lifecycle gm-handler@1.0.0~prestart: gm-handler@1.0.0
6 silly lifecycle gm-handler@1.0.0~prestart: no script for prestart, continuing
7 info lifecycle gm-handler@1.0.0~start: gm-handler@1.0.0
8 verbose lifecycle gm-handler@1.0.0~start: unsafe-perm in lifecycle true
9 verbose lifecycle gm-handler@1.0.0~start: PATH: /usr/local/lib/node_modules/npm/bin/node-gyp-bin:/Users/leeds/Documents/gitin/gm-handler/node_modules/.bin:/Users/leeds/.rvm/gems/ruby-2.3.3/bin:/Users/leeds/.rvm/gems/ruby-2.3.3@global/bin:/Users/leeds/.rvm/rubies/ruby-2.3.3/bin:/usr/local/bin:/usr/bin:/bin:/usr/sbin:/sbin:/Users/leeds/.rvm/bin
10 verbose lifecycle gm-handler@1.0.0~start: CWD: /Users/leeds/Documents/gitin/gm-handler
11 silly lifecycle gm-handler@1.0.0~start: Args: [ '-c', 'node index.js' ]
12 silly lifecycle gm-handler@1.0.0~start: Returned: code: 1  signal: null
13 info lifecycle gm-handler@1.0.0~start: Failed to exec start script
14 verbose stack Error: gm-handler@1.0.0 start: `node index.js`
14 verbose stack Exit status 1
14 verbose stack     at EventEmitter.<anonymous> (/usr/local/lib/node_modules/npm/lib/utils/lifecycle.js:279:16)
14 verbose stack     at emitTwo (events.js:125:13)
14 verbose stack     at EventEmitter.emit (events.js:213:7)
14 verbose stack     at ChildProcess.<anonymous> (/usr/local/lib/node_modules/npm/lib/utils/spawn.js:40:14)
14 verbose stack     at emitTwo (events.js:125:13)
14 verbose stack     at ChildProcess.emit (events.js:213:7)
14 verbose stack     at maybeClose (internal/child_process.js:887:16)
14 verbose stack     at Process.ChildProcess._handle.onexit (internal/child_process.js:208:5)
15 verbose pkgid gm-handler@1.0.0
16 verbose cwd /Users/leeds/Documents/gitin/gm-handler
17 error Darwin 15.6.0
18 error argv "/usr/local/bin/node" "/usr/local/bin/npm" "start"
19 error node v8.1.0
20 error npm  v4.1.2
21 error code ELIFECYCLE
22 error gm-handler@1.0.0 start: `node index.js`
22 error Exit status 1
23 error Failed at the gm-handler@1.0.0 start script 'node index.js'.
23 error Make sure you have the latest version of node.js and npm installed.
23 error If you do, this is most likely a problem with the gm-handler package,
23 error not with npm itself.
23 error Tell the author that this fails on your system:
23 error     node index.js
23 error You can get information on how to open an issue for this project with:
23 error     npm bugs gm-handler
23 error Or if that isn't available, you can get their info via:
23 error     npm owner ls gm-handler
23 error There is likely additional logging output above.
24 verbose exit [ 1, true ]
